<?xml version="1.0" encoding="UTF-8"?>
<testng-results ignored="0" total="1" passed="1" failed="0" skipped="0">
  <reporter-output>
  </reporter-output>
  <suite started-at="2024-05-12T07:03:46 IST" name="Suite" finished-at="2024-05-12T07:04:31 IST" duration-ms="44740">
    <groups>
    </groups>
    <test started-at="2024-05-12T07:03:46 IST" name="Test" finished-at="2024-05-12T07:04:31 IST" duration-ms="44740">
      <class name="TestProject.testMVN">
        <test-method signature="testLink()[pri:0, instance:TestProject.testMVN@58a9760d]" started-at="2024-05-12T07:03:46 IST" name="testLink" finished-at="2024-05-12T07:04:31 IST" duration-ms="44695" status="PASS">
          <reporter-output>
          </reporter-output>
        </test-method> <!-- testLink -->
      </class> <!-- TestProject.testMVN -->
    </test> <!-- Test -->
  </suite> <!-- Suite -->
</testng-results>
