<?xml version="1.0" encoding="UTF-8"?>
<testng-results ignored="0" total="1" passed="1" failed="0" skipped="0">
  <reporter-output>
  </reporter-output>
  <suite started-at="2024-05-11T11:04:11 IST" name="Default suite" finished-at="2024-05-11T11:04:33 IST" duration-ms="21519">
    <groups>
    </groups>
    <test started-at="2024-05-11T11:04:11 IST" name="Default test" finished-at="2024-05-11T11:04:33 IST" duration-ms="21519">
      <class name="TestProject.testMVN">
        <test-method signature="testLink()[pri:0, instance:TestProject.testMVN@550ee7e5]" started-at="2024-05-11T11:04:11 IST" name="testLink" finished-at="2024-05-11T11:04:33 IST" duration-ms="21483" status="PASS">
          <reporter-output>
          </reporter-output>
        </test-method> <!-- testLink -->
      </class> <!-- TestProject.testMVN -->
    </test> <!-- Default test -->
  </suite> <!-- Default suite -->
</testng-results>
