<?xml version="1.0" encoding="UTF-8"?>
<testng-results ignored="0" total="1" passed="1" failed="0" skipped="0">
  <reporter-output>
  </reporter-output>
  <suite started-at="2024-05-11T22:45:08 IST" name="Default suite" finished-at="2024-05-11T22:45:48 IST" duration-ms="39829">
    <groups>
    </groups>
    <test started-at="2024-05-11T22:45:08 IST" name="Default test" finished-at="2024-05-11T22:45:48 IST" duration-ms="39829">
      <class name="TestProject.testMVN">
        <test-method signature="testLink()[pri:0, instance:TestProject.testMVN@4d154ccd]" started-at="2024-05-11T22:45:08 IST" name="testLink" finished-at="2024-05-11T22:45:48 IST" duration-ms="39804" status="PASS">
          <reporter-output>
          </reporter-output>
        </test-method> <!-- testLink -->
      </class> <!-- TestProject.testMVN -->
    </test> <!-- Default test -->
  </suite> <!-- Default suite -->
</testng-results>
